admin@admin.com has logged in at 2024-10-13 01:24:48
admin@admin.com has logged out at 2024-10-13 03:48:46
admin@admin.com has logged in at 2024-10-13 04:08:48
admin@admin.com has logged out at 2024-10-13 05:31:54
mohamedalaa.yahyaoui@etudiant-isi.utm.tn has logged in at 2024-10-13 05:32:06
mohamedalaa.yahyaoui@etudiant-isi.utm.tn has logged out at 2024-10-13 05:33:42
mohamedalaa.yahyaoui@etudiant-isi.utm.tn has logged in at 2024-10-13 05:33:56
mohamedalaa.yahyaoui@etudiant-isi.utm.tn has logged out at 2024-10-13 05:48:33
admin@admin.com has logged in at 2024-10-13 05:48:57
admin@admin.com has logged in at 2024-10-13 19:16:04
admin@admin.com has logged out at 2024-10-13 21:49:46
user@user.com has logged in at 2024-10-13 21:51:00
user@user.com has logged out at 2024-10-13 22:54:26
admin@admin.com has logged in at 2024-10-13 22:54:33
admin@admin.com has logged out at 2024-10-13 23:25:20
alayahyaoui1999@gmail.com has logged in at 2024-10-13 23:26:19
alayahyaoui1999@gmail.com has logged out at 2024-10-13 23:26:49
admin@admin.com has logged in at 2024-10-13 23:27:00
yahyaouimohamedalaa99@gmail.com has logged in at 2024-10-14 02:28:47
yahyaouimohamedalaa99@gmail.com has logged out at 2024-10-14 02:32:19
majd@gmail.com has logged in at 2024-10-14 02:32:39
admin@admin.com has logged in at 2024-10-14 11:28:14
admin@admin.com has logged out at 2024-10-14 12:46:11
majd@gmail.com has logged in at 2024-10-14 12:46:26
majd@gmail.com has logged out at 2024-10-14 13:12:51
yahyaouimohamedalaa99@gmail.com has logged in at 2024-10-14 13:29:56
admin@admin.com has logged in at 2024-10-16 02:34:06
admin@admin.com has logged out at 2024-10-16 02:35:25
alayahyaoui1999@gmail.com has logged in at 2024-10-16 02:35:38
admin@admin.com has logged in at 2024-10-17 16:07:23
admin@admin.com has logged in at 2024-10-19 23:56:15
majd@gmail.com has logged in at 2024-10-20 00:04:18
majd@gmail.com has logged out at 2024-10-20 00:26:41
yahyaouimohamedalaa99@gmail.com has logged in at 2024-10-20 00:27:10
yahyaouimohamedalaa99@gmail.com has logged out at 2024-10-20 00:29:31
hamayah8@gmail.com has logged in at 2024-10-20 00:29:41
